[debug] [2022-07-03T11:22:14.223Z] ----------------------------------------------------------------------
[debug] [2022-07-03T11:22:14.225Z] Command:       C:\Program Files\nodejs\node.exe C:\Users\saifm\AppData\Roaming\npm\node_modules\firebase-tools\lib\bin\firebase.js init
[debug] [2022-07-03T11:22:14.226Z] CLI Version:   11.2.0
[debug] [2022-07-03T11:22:14.227Z] Platform:      win32
[debug] [2022-07-03T11:22:14.227Z] Node Version:  v18.4.0
[debug] [2022-07-03T11:22:14.228Z] Time:          Sun Jul 03 2022 13:22:14 GMT+0200 (Eastern European Standard Time)
[debug] [2022-07-03T11:22:14.228Z] ----------------------------------------------------------------------
[debug] 
[debug] [2022-07-03T11:22:14.232Z] >>> [apiv2][query] GET https://firebase-public.firebaseio.com/cli.json [none]
[debug] [2022-07-03T11:22:14.304Z] > command requires scopes: ["email","openid","https://www.googleapis.com/auth/cloudplatformprojects.readonly","https://www.googleapis.com/auth/firebase","https://www.googleapis.com/auth/cloud-platform"]
[debug] [2022-07-03T11:22:14.304Z] > authorizing via signed-in user (horeyatm@gmail.com)
[info] 
     ######## #### ########  ######## ########     ###     ######  ########
     ##        ##  ##     ## ##       ##     ##  ##   ##  ##       ##
     ######    ##  ########  ######   ########  #########  ######  ######
     ##        ##  ##    ##  ##       ##     ## ##     ##       ## ##
     ##       #### ##     ## ######## ########  ##     ##  ######  ########

You're about to initialize a Firebase project in this directory:

  E:\amazon-clone

[debug] [2022-07-03T11:22:14.727Z] <<< [apiv2][status] GET https://firebase-public.firebaseio.com/cli.json 200
[debug] [2022-07-03T11:22:14.727Z] <<< [apiv2][body] GET https://firebase-public.firebaseio.com/cli.json {"cloudBuildErrorAfter":1594252800000,"cloudBuildWarnAfter":1590019200000,"defaultNode10After":1594252800000,"minVersion":"3.0.5","node8DeploysDisabledAfter":1613390400000,"node8RuntimeDisabledAfter":1615809600000,"node8WarnAfter":1600128000000}
[debug] [2022-07-03T11:22:21.808Z] Error: kill ENOSYS
    at process.kill (node:internal/process/per_thread:220:13)
    at process.listener (C:\Users\saifm\AppData\Roaming\npm\node_modules\firebase-tools\node_modules\signal-exit\index.js:95:15)
    at process.emit (node:events:537:28)
[error] 
[error] Error: An unexpected error has occurred.
